build/app/outputs/mapping/release/mapping.txt
# compiler: R8
# compiler_version: 1.5.69
# min_api: 16
# pg_map_id: 7a6bcd3
...
io.opencensus.trace.TraceComponent$NoopTraceComponent -> c.c.f.p$b:
    io.opencensus.trace.propagation.PropagationComponent getPropagationComponent() -> a
    io.opencensus.trace.Tracer getTracer() -> b
io.opencensus.trace.TraceId -> c.c.f.q:
    io.opencensus.trace.TraceId INVALID -> c
    long idLo -> b
    long idHi -> a
    int compareTo(io.opencensus.trace.TraceId) -> a
    void copyLowerBase16To(char[],int) -> a
    java.lang.String toLowerBase16() -> a
io.opencensus.trace.TraceOptions -> c.c.f.r:
    byte options -> a
    io.opencensus.trace.TraceOptions DEFAULT -> b
    io.opencensus.trace.TraceOptions fromByte(byte) -> a
    boolean hasOption(int) -> a
    boolean isSampled() -> a
io.opencensus.trace.Tracer -> c.c.f.s:
    io.opencensus.trace.Tracer$NoopTracer noopTracer -> a
    io.opencensus.trace.Tracer getNoopTracer() -> a
    io.opencensus.trace.SpanBuilder spanBuilderWithExplicitParent(java.lang.String,io.opencensus.trace.Span) -> a
io.opencensus.trace.Tracer$1 -> c.c.f.s$a:
io.opencensus.trace.Tracer$NoopTracer -> c.c.f.s$b:
    io.opencensus.trace.SpanBuilder spanBuilderWithExplicitParent(java.lang.String,io.opencensus.trace.Span) -> a
io.opencensus.trace.Tracestate -> c.c.f.t:
    io.opencensus.trace.Tracestate access$200(java.util.List) -> a
    java.util.List getEntries() -> a
    io.opencensus.trace.Tracestate$Builder builder() -> b
    io.opencensus.trace.Tracestate create(java.util.List) -> b
io.opencensus.trace.Tracestate$1 -> c.c.f.t$a:
io.opencensus.trace.Tracestate$Builder -> c.c.f.t$b:
    io.opencensus.trace.Tracestate parent -> a
    java.util.ArrayList entries -> b
    io.opencensus.trace.Tracestate EMPTY -> c
    io.opencensus.trace.Tracestate build() -> a
    io.opencensus.trace.Tracestate access$000() -> b
io.opencensus.trace.Tracing -> c.c.f.u:
    io.opencensus.trace.TraceComponent traceComponent -> b
    java.util.logging.Logger logger -> a
    io.opencensus.trace.propagation.PropagationComponent getPropagationComponent() -> a
    io.opencensus.trace.TraceComponent loadTraceComponent(java.lang.ClassLoader) -> a
    io.opencensus.trace.Tracer getTracer() -> b
io.opencensus.trace.export.AutoValue_SampledSpanStore_PerSpanNameSummary -> c.c.f.v.a:
    java.util.Map numbersOfLatencySampledSpans -> a
    java.util.Map numbersOfErrorSampledSpans -> b
    java.util.Map getNumbersOfErrorSampledSpans() -> a
    java.util.Map getNumbersOfLatencySampledSpans() -> b
io.opencensus.trace.export.ExportComponent -> c.c.f.v.b:
    io.opencensus.trace.export.ExportComponent newNoopExportComponent() -> a
io.opencensus.trace.export.ExportComponent$1 -> c.c.f.v.b$a:
io.opencensus.trace.export.ExportComponent$NoopExportComponent -> c.c.f.v.b$b:
io.opencensus.trace.export.SampledSpanStore -> c.c.f.v.c:
    io.opencensus.trace.export.SampledSpanStore newNoopSampledSpanStore() -> a
io.opencensus.trace.export.SampledSpanStore$1 -> c.c.f.v.c$a:
io.opencensus.trace.export.SampledSpanStore$NoopSampledSpanStore -> c.c.f.v.c$b:
io.opencensus.trace.export.SampledSpanStore$PerSpanNameSummary -> c.c.f.v.c$c:
    io.opencensus.trace.export.SampledSpanStore$PerSpanNameSummary create(java.util.Map,java.util.Map) -> a
    java.util.Map getNumbersOfErrorSampledSpans() -> a
    java.util.Map getNumbersOfLatencySampledSpans() -> b
io.opencensus.trace.internal.BaseMessageEventUtils -> c.c.f.w.a:
    io.opencensus.trace.MessageEvent asMessageEvent(io.opencensus.trace.BaseMessageEvent) -> a
    io.opencensus.trace.NetworkEvent asNetworkEvent(io.opencensus.trace.BaseMessageEvent) -> b
io.opencensus.trace.propagation.BinaryFormat -> c.c.f.x.a:
    io.opencensus.trace.propagation.BinaryFormat$NoopBinaryFormat NOOP_BINARY_FORMAT -> a
    io.opencensus.trace.SpanContext fromByteArray(byte[]) -> a
    io.opencensus.trace.propagation.BinaryFormat getNoopBinaryFormat() -> a
    byte[] toByteArray(io.opencensus.trace.SpanContext) -> a
io.opencensus.trace.propagation.BinaryFormat$1 -> c.c.f.x.a$a: